app/build/intermediates/manifest_merge_blame_file/debug/manifest-merger-blame-debug-report.txt
1<?xml version="1.0" encoding="utf-8"?>
2<manifest xmlns:android="http://schemas.android.com/apk/res/android"
3    package="com.sathyaseelan.foodhunger"
4    android:versionCode="1"
5    android:versionName="1.0" >
6
7    <uses-sdk
8        android:minSdkVersion="21"
8-->src\main\AndroidManifest.xml
9        android:targetSdkVersion="31" />
9-->src\main\AndroidManifest.xml
10    <!--
11         The ACCESS_COARSE/FINE_LOCATION permissions are not required to use
12         Google Maps Android API v2, but you must specify either coarse or fine
13         location permissions for the "MyLocation" functionality.
14    -->
15    <uses-permission android:name="android.permission.ACCESS_FINE_LOCATION" />
15-->src\main\AndroidManifest.xml:10:5-79
15-->src\main\AndroidManifest.xml:10:22-76
16    <uses-permission android:name="android.permission.ACCESS_COARSE_LOCATION" />
16-->src\main\AndroidManifest.xml:11:5-81
16-->src\main\AndroidManifest.xml:11:22-78
17    <uses-permission android:name="android.permission.INTERNET" />
17-->src\main\AndroidManifest.xml:12:5-67
17-->src\main\AndroidManifest.xml:12:22-64
18
19    <!-- Although the *SdkVersion is captured in gradle build files, this is required for non gradle builds -->
20    <!-- <uses-sdk android:minSdkVersion="14"/> -->
21    <uses-permission android:name="android.permission.ACCESS_NETWORK_STATE" />
21-->[com.google.firebase:firebase-database:19.7.0] AndroidManifest.xml:25:5-79
21-->[com.google.firebase:firebase-database:19.7.0] AndroidManifest.xml:25:22-76
22
23    <uses-feature
23-->[com.google.android.gms:play-services-maps:17.0.0] AndroidManifest.xml:26:5-28:35
24        android:glEsVersion="0x00020000"
24-->[com.google.android.gms:play-services-maps:17.0.0] AndroidManifest.xml:27:9-41
25        android:required="true" />
25-->[com.google.android.gms:play-services-maps:17.0.0] AndroidManifest.xml:28:9-32
26
27    <application
27-->src\main\AndroidManifest.xml:14:5-52:19
28        android:appComponentFactory="androidx.core.app.CoreComponentFactory"
28-->[androidx.core:core:1.3.1] AndroidManifest.xml:24:18-86
29        android:debuggable="true"
30        android:icon="@mipmap/ic_launcher"
30-->src\main\AndroidManifest.xml:15:9-43
31        android:label="@string/app_name"
31-->src\main\AndroidManifest.xml:16:9-41
32        android:roundIcon="@mipmap/ic_launcher_round"
32-->src\main\AndroidManifest.xml:17:9-54
33        android:supportsRtl="true"
33-->src\main\AndroidManifest.xml:18:9-35
34        android:theme="@style/Theme.FOODHUNGER" >
34-->src\main\AndroidManifest.xml:19:9-48
35        <activity
35-->src\main\AndroidManifest.xml:21:9-23:40
36            android:name="com.sathyaseelan.foodhunger.Settings"
36-->src\main\AndroidManifest.xml:22:13-37
37            android:exported="false" />
37-->src\main\AndroidManifest.xml:23:13-37
38        <activity android:name="com.sathyaseelan.foodhunger.UserdataActivity" />
38-->src\main\AndroidManifest.xml:24:9-54
38-->src\main\AndroidManifest.xml:24:19-51
39        <activity android:name="com.sathyaseelan.foodhunger.History" />
39-->src\main\AndroidManifest.xml:25:9-45
39-->src\main\AndroidManifest.xml:25:19-42
40        <activity android:name="com.sathyaseelan.foodhunger.MyPin" />
40-->src\main\AndroidManifest.xml:26:9-43
40-->src\main\AndroidManifest.xml:26:19-40
41        <activity android:name="com.sathyaseelan.foodhunger.About" />
41-->src\main\AndroidManifest.xml:27:9-43
41-->src\main\AndroidManifest.xml:27:19-40
42        <activity android:name="com.sathyaseelan.foodhunger.FoodMap" />
42-->src\main\AndroidManifest.xml:28:9-45
42-->src\main\AndroidManifest.xml:28:19-42
43
44        <meta-data
44-->src\main\AndroidManifest.xml:30:9-32:71
45            android:name="com.google.android.geo.API_KEY"
45-->src\main\AndroidManifest.xml:31:13-58
46            android:value="AIzaSyBtAubRGSlTZanGLTPT3JrKWsRCFAXZzrE" />
46-->src\main\AndroidManifest.xml:32:13-68
47
48        <activity android:name="com.sathyaseelan.foodhunger.Receive" />
48-->src\main\AndroidManifest.xml:34:9-45
48-->src\main\AndroidManifest.xml:34:19-42
49        <activity android:name="com.sathyaseelan.foodhunger.Contact" />
49-->src\main\AndroidManifest.xml:35:9-45
49-->src\main\AndroidManifest.xml:35:19-42
50        <activity android:name="com.sathyaseelan.foodhunger.Signup" />
50-->src\main\AndroidManifest.xml:36:9-44
50-->src\main\AndroidManifest.xml:36:19-41
51        <activity android:name="com.sathyaseelan.foodhunger.Logup" />
51-->src\main\AndroidManifest.xml:37:9-43
51-->src\main\AndroidManifest.xml:37:19-40
52        <activity android:name="com.sathyaseelan.foodhunger.MainActivity" />
52-->src\main\AndroidManifest.xml:38:9-50
52-->src\main\AndroidManifest.xml:38:19-47
53        <activity android:name="com.sathyaseelan.foodhunger.Donate" />
53-->src\main\AndroidManifest.xml:39:9-44
53-->src\main\AndroidManifest.xml:39:19-41
54        <activity android:name="com.sathyaseelan.foodhunger.landingpage" />
54-->src\main\AndroidManifest.xml:40:9-49
54-->src\main\AndroidManifest.xml:40:19-46
55        <activity android:name="com.sathyaseelan.foodhunger.IntroActivity" />
55-->src\main\AndroidManifest.xml:41:9-51
55-->src\main\AndroidManifest.xml:41:19-48
56        <activity
56-->src\main\AndroidManifest.xml:42:9-51:20
57            android:name="com.sathyaseelan.foodhunger.SplashScreen"
57-->src\main\AndroidManifest.xml:43:13-41
58            android:exported="true"
58-->src\main\AndroidManifest.xml:44:13-36
59            android:theme="@style/SplashScreen" >
59-->src\main\AndroidManifest.xml:45:13-48
60            <intent-filter>
60-->src\main\AndroidManifest.xml:46:13-50:29
61                <action android:name="android.intent.action.MAIN" />
61-->src\main\AndroidManifest.xml:47:17-69
61-->src\main\AndroidManifest.xml:47:25-66
62
63                <category android:name="android.intent.category.LAUNCHER" />
63-->src\main\AndroidManifest.xml:49:17-77
63-->src\main\AndroidManifest.xml:49:27-74
64            </intent-filter>
65        </activity>
66        <activity
66-->[com.google.firebase:firebase-auth:19.2.0] AndroidManifest.xml:24:9-31:50
67            android:name="com.google.firebase.auth.internal.FederatedSignInActivity"
67-->[com.google.firebase:firebase-auth:19.2.0] AndroidManifest.xml:25:13-85
68            android:excludeFromRecents="true"
68-->[com.google.firebase:firebase-auth:19.2.0] AndroidManifest.xml:26:13-46
69            android:exported="true"
69-->[com.google.firebase:firebase-auth:19.2.0] AndroidManifest.xml:27:13-36
70            android:launchMode="singleTask"
70-->[com.google.firebase:firebase-auth:19.2.0] AndroidManifest.xml:28:13-44
71            android:permission="com.google.firebase.auth.api.gms.permission.LAUNCH_FEDERATED_SIGN_IN"
71-->[com.google.firebase:firebase-auth:19.2.0] AndroidManifest.xml:29:13-102
72            android:theme="@android:style/Theme.Translucent.NoTitleBar" />
72-->[com.google.firebase:firebase-auth:19.2.0] AndroidManifest.xml:30:13-72
73
74        <service
74-->[com.google.firebase:firebase-auth:19.2.0] AndroidManifest.xml:33:9-39:19
75            android:name="com.google.firebase.components.ComponentDiscoveryService"
75-->[com.google.firebase:firebase-auth:19.2.0] AndroidManifest.xml:34:13-84
76            android:directBootAware="true"
76-->[com.google.firebase:firebase-common:19.5.0] AndroidManifest.xml:35:13-43
77            android:exported="false" >
77-->[com.google.firebase:firebase-auth:19.2.0] AndroidManifest.xml:35:13-37
78            <meta-data
78-->[com.google.firebase:firebase-auth:19.2.0] AndroidManifest.xml:36:13-38:85
79                android:name="com.google.firebase.components:com.google.firebase.auth.FirebaseAuthRegistrar"
79-->[com.google.firebase:firebase-auth:19.2.0] AndroidManifest.xml:37:17-109
80                android:value="com.google.firebase.components.ComponentRegistrar" />
80-->[com.google.firebase:firebase-auth:19.2.0] AndroidManifest.xml:38:17-82
81            <meta-data
81-->[com.google.firebase:firebase-database:19.7.0] AndroidManifest.xml:32:13-34:85
82                android:name="com.google.firebase.components:com.google.firebase.database.DatabaseRegistrar"
82-->[com.google.firebase:firebase-database:19.7.0] AndroidManifest.xml:33:17-109
83                android:value="com.google.firebase.components.ComponentRegistrar" />
83-->[com.google.firebase:firebase-database:19.7.0] AndroidManifest.xml:34:17-82
84            <meta-data
84-->[com.google.firebase:firebase-firestore:22.1.2] AndroidManifest.xml:20:13-22:85
85                android:name="com.google.firebase.components:com.google.firebase.firestore.FirestoreRegistrar"
85-->[com.google.firebase:firebase-firestore:22.1.2] AndroidManifest.xml:21:17-111
86                android:value="com.google.firebase.components.ComponentRegistrar" />
86-->[com.google.firebase:firebase-firestore:22.1.2] AndroidManifest.xml:22:17-82
87            <!--
88                This registrar is not defined in the dynamic-module-support sdk itself to allow non-firebase
89                clients to use it as well, by defining this registrar in their own core/common library.
90            -->
91            <meta-data
91-->[com.google.firebase:firebase-common:19.5.0] AndroidManifest.xml:43:13-45:85
92                android:name="com.google.firebase.components:com.google.firebase.dynamicloading.DynamicLoadingRegistrar"
92-->[com.google.firebase:firebase-common:19.5.0] AndroidManifest.xml:44:17-121
93                android:value="com.google.firebase.components.ComponentRegistrar" />
93-->[com.google.firebase:firebase-common:19.5.0] AndroidManifest.xml:45:17-82
94        </service> <!-- Needs to be explicitly declared on P+ -->
95        <uses-library
95-->[com.google.android.gms:play-services-maps:17.0.0] AndroidManifest.xml:33:9-35:40
96            android:name="org.apache.http.legacy"
96-->[com.google.android.gms:play-services-maps:17.0.0] AndroidManifest.xml:34:13-50
97            android:required="false" />
97-->[com.google.android.gms:play-services-maps:17.0.0] AndroidManifest.xml:35:13-37
98
99        <activity
99-->[com.google.android.gms:play-services-base:17.5.0] AndroidManifest.xml:23:9-26:75
100            android:name="com.google.android.gms.common.api.GoogleApiActivity"
100-->[com.google.android.gms:play-services-base:17.5.0] AndroidManifest.xml:24:13-79
101            android:exported="false"
101-->[com.google.android.gms:play-services-base:17.5.0] AndroidManifest.xml:25:13-37
102            android:theme="@android:style/Theme.Translucent.NoTitleBar" />
102-->[com.google.android.gms:play-services-base:17.5.0] AndroidManifest.xml:26:13-72
103
104        <provider
104-->[com.google.firebase:firebase-common:19.5.0] AndroidManifest.xml:26:9-31:39
105            android:name="com.google.firebase.provider.FirebaseInitProvider"
105-->[com.google.firebase:firebase-common:19.5.0] AndroidManifest.xml:27:13-77
106            android:authorities="com.sathyaseelan.foodhunger.firebaseinitprovider"
106-->[com.google.firebase:firebase-common:19.5.0] AndroidManifest.xml:28:13-72
107            android:directBootAware="true"
107-->[com.google.firebase:firebase-common:19.5.0] AndroidManifest.xml:29:13-43
108            android:exported="false"
108-->[com.google.firebase:firebase-common:19.5.0] AndroidManifest.xml:30:13-37
109            android:initOrder="100" />
109-->[com.google.firebase:firebase-common:19.5.0] AndroidManifest.xml:31:13-36
110
111        <meta-data
111-->[com.google.android.gms:play-services-basement:17.5.0] AndroidManifest.xml:23:9-25:69
112            android:name="com.google.android.gms.version"
112-->[com.google.android.gms:play-services-basement:17.5.0] AndroidManifest.xml:24:13-58
113            android:value="@integer/google_play_services_version" />
113-->[com.google.android.gms:play-services-basement:17.5.0] AndroidManifest.xml:25:13-66
114    </application>
115
116</manifest>